<?xml version="1.0" encoding="UTF-8"?>
<!-- Generated by org.testng.reporters.JUnitReportReporter -->
<testsuite hostname="LNAR-5CG0082QSX" failures="0" tests="1" name="TC008_ValidatingJSONresponse" time="4.229" errors="0" timestamp="2020-12-21T23:10:11 CST" skipped="0">
  <testcase classname="TC008_ValidatingJSONresponse" name="jsonresponse" time="4.229"/>
  <system-out/>
</testsuite> <!-- TC008_ValidatingJSONresponse -->
