<?xml version="1.0" encoding="UTF-8"?>
<!-- Generated by org.testng.reporters.JUnitReportReporter -->
<testsuite hostname="LNAR-5CG0082QSX" failures="0" tests="1" name="TC004_Headers" time="3.428" errors="0" timestamp="2020-12-21T12:14:18 CST" skipped="0">
  <testcase classname="TC004_Headers" name="validatingHeaders" time="3.428"/>
  <system-out/>
</testsuite> <!-- TC004_Headers -->
