<?xml version="1.0" encoding="UTF-8"?>
<!-- Generated by org.testng.reporters.JUnitReportReporter -->
<testsuite hostname="LNAR-5CG0082QSX" failures="0" tests="1" name="TC001_GET_Request" time="3.370" errors="0" timestamp="2020-12-21T11:11:57 CST" skipped="0">
  <testcase classname="TC001_GET_Request" name="getweatherDetails" time="3.370"/>
  <system-out/>
</testsuite> <!-- TC001_GET_Request -->
