<?xml version="1.0" encoding="UTF-8"?>
<!-- Generated by org.testng.reporters.JUnitReportReporter -->
<testsuite hostname="LNAR-5CG0082QSX" failures="0" tests="1" name="TC007_DELETE" time="4.066" errors="0" timestamp="2020-12-21T22:04:43 CST" skipped="0">
  <testcase classname="TC007_DELETE" name="deleterequest" time="4.066"/>
  <system-out/>
</testsuite> <!-- TC007_DELETE -->
