<?xml version="1.0" encoding="UTF-8"?>
<!-- Generated by org.testng.reporters.JUnitReportReporter -->
<testsuite hostname="LNAR-5CG0082QSX" failures="0" tests="1" name="TC_006_ValidatingJSONresponse" time="2.752" errors="0" timestamp="2020-12-05T12:07:43 CST" skipped="0">
  <testcase classname="TC_006_ValidatingJSONresponse" name="jsonresponse" time="2.752"/>
  <system-out/>
</testsuite> <!-- TC_006_ValidatingJSONresponse -->
