<?xml version="1.0" encoding="UTF-8"?>
<!-- Generated by org.testng.reporters.JUnitReportReporter -->
<testsuite hostname="LNAR-5CG0082QSX" failures="0" tests="1" name="TC006_PUT" time="3.306" errors="0" timestamp="2020-12-21T16:57:35 CST" skipped="0">
  <testcase classname="TC006_PUT" name="putrequest" time="3.306"/>
  <system-out/>
</testsuite> <!-- TC006_PUT -->
