<?xml version="1.0" encoding="UTF-8"?>
<!-- Generated by org.testng.reporters.JUnitReportReporter -->
<testsuite hostname="LNAR-5CG0082QSX" failures="0" tests="1" name="TC003_GET_Request" time="3.622" errors="0" timestamp="2020-12-06T14:43:47 CST" skipped="0">
  <testcase classname="TC003_GET_Request" name="getrequest" time="3.622"/>
  <system-out/>
</testsuite> <!-- TC003_GET_Request -->
