<?xml version="1.0" encoding="UTF-8"?>
<!-- Generated by org.testng.reporters.JUnitReportReporter -->
<testsuite hostname="LNAR-5CG0082QSX" failures="0" tests="1" name="SauceLabTest.SauceTestCase" time="5.041" errors="0" timestamp="2020-12-23T12:13:22 CST" skipped="0">
  <testcase classname="SauceLabTest.SauceTestCase" name="verifyLogin" time="5.041"/>
  <system-out/>
</testsuite> <!-- SauceLabTest.SauceTestCase -->
