<?xml version="1.0" encoding="UTF-8"?>
<!-- Generated by org.testng.reporters.JUnitReportReporter -->
<testsuite hostname="LNAR-5CG0082QSX" failures="0" tests="1" name="TC005_QueryParam" time="3.540" errors="0" timestamp="2020-12-21T22:17:09 CST" skipped="0">
  <testcase classname="TC005_QueryParam" name="queryparam" time="3.540"/>
  <system-out/>
</testsuite> <!-- TC005_QueryParam -->
