<?xml version="1.0" encoding="UTF-8"?>
<!-- Generated by org.testng.reporters.JUnitReportReporter -->
<testsuite hostname="LNAR-5CG0082QSX" failures="0" tests="1" name="TC002A_POST" time="3.676" errors="0" timestamp="2020-12-21T22:05:37 CST" skipped="0">
  <testcase classname="TC002A_POST" name="RegistrationSuccessful" time="3.676"/>
  <system-out/>
</testsuite> <!-- TC002A_POST -->
